<?xml version="1.0" encoding="UTF-8"?>
<testsuite xmlns:xsi="http://www.w3.org/2001/XMLSchema-instance" xsi:noNamespaceSchemaLocation="https://maven.apache.org/surefire/maven-surefire-plugin/xsd/surefire-test-report.xsd" version="3.0.2" name="com.example.JournalApp.JournalApplicationTests" time="1.297" tests="1" errors="0" skipped="0" failures="0">
  <properties>
[...]
</properties>
  <testcase name="contextLoads" classname="com.example.JournalApp.JournalApplicationTests" time="0.327">
    <system-out><![CDATA[21:49:59.864 [main] INFO org.springframework.test.context.support.AnnotationConfigContextLoaderUtils -- Could not detect default configuration classes for test class [com.example.JournalApp.JournalApplicationTests]: JournalApplicationTests does not declare any static, non-private, non-final, nested classes annotated with @Configuration.
21:49:59.908 [main] INFO org.springframework.boot.test.context.SpringBootTestContextBootstrapper -- Found @SpringBootConfiguration com.example.JournalApp.JournalApplication for test class com.example.JournalApp.JournalApplicationTests

  .   ____          _            __ _ _
 /\\ / ___'_ __ _ _(_)_ __  __ _ \ \ \ \
( ( )\___ | '_ | '_| | '_ \/ _` | \ \ \ \
 \\/  ___)| |_)| | | | | || (_| |  ) ) ) )
  '  |____| .__|_| |_|_| |_\__, | / / / /
 =========|_|==============|___/=/_/_/_/

 :: Spring Boot ::                (v3.5.7)

2025-11-29T21:50:00.060+05:30  INFO 24647 --- [JournalApp] [           main] c.e.JournalApp.JournalApplicationTests   : Starting JournalApplicationTests using Java 24.0.2 with PID 24647 (started by arushnaudiyal in /Users/arushnaudiyal/Documents/Developer/JournalApp)
2025-11-29T21:50:00.060+05:30 DEBUG 24647 --- [JournalApp] [           main] c.e.JournalApp.JournalApplicationTests   : Running with Spring Boot v3.5.7, Spring v6.2.12
2025-11-29T21:50:00.061+05:30  INFO 24647 --- [JournalApp] [           main] c.e.JournalApp.JournalApplicationTests   : No active profile set, falling back to 1 default profile: "default"
2025-11-29T21:50:00.069+05:30 DEBUG 24647 --- [JournalApp] [           main] o.s.w.c.s.GenericWebApplicationContext   : Refreshing org.springframework.web.context.support.GenericWebApplicationContext@581d969c
2025-11-29T21:50:00.276+05:30  INFO 24647 --- [JournalApp] [           main] .s.d.r.c.RepositoryConfigurationDelegate : Bootstrapping Spring Data MongoDB repositories in DEFAULT mode.
2025-11-29T21:50:00.297+05:30  INFO 24647 --- [JournalApp] [           main] .s.d.r.c.RepositoryConfigurationDelegate : Finished Spring Data repository scanning in 18 ms. Found 2 MongoDB repository interfaces.
2025-11-29T21:50:00.440+05:30 DEBUG 24647 --- [JournalApp] [           main] org.mongodb.driver.connection            : Connection pool created for localhost:27017 using options maxIdleTimeMS=0, minPoolSize=0, maxPoolSize=100, maxConnecting=2, waitQueueTimeoutMS=120000
2025-11-29T21:50:00.443+05:30 DEBUG 24647 --- [JournalApp] [           main] org.mongodb.driver.cluster               : Updating cluster description to  {type=UNKNOWN, servers=[{address=localhost:27017, type=UNKNOWN, state=CONNECTING}]
2025-11-29T21:50:00.452+05:30  INFO 24647 --- [JournalApp] [           main] org.mongodb.driver.client                : MongoClient with metadata {"driver": {"name": "mongo-java-driver|sync|spring-boot", "version": "5.5.2"}, "os": {"type": "Darwin", "name": "Mac OS X", "architecture": "aarch64", "version": "26.1"}, "platform": "Java/Oracle Corporation/24.0.2+12-54"} created with settings MongoClientSettings{readPreference=primary, writeConcern=WriteConcern{w=null, wTimeout=null ms, journal=null}, retryWrites=true, retryReads=true, readConcern=ReadConcern{level=null}, credential=null, transportSettings=null, commandListeners=[], codecRegistry=ProvidersCodecRegistry{codecProviders=[ValueCodecProvider{}, BsonValueCodecProvider{}, DBRefCodecProvider{}, DBObjectCodecProvider{}, DocumentCodecProvider{}, CollectionCodecProvider{}, IterableCodecProvider{}, MapCodecProvider{}, GeoJsonCodecProvider{}, GridFSFileCodecProvider{}, Jsr310CodecProvider{}, JsonObjectCodecProvider{}, BsonCodecProvider{}, EnumCodecProvider{}, com.mongodb.client.model.mql.ExpressionCodecProvider@5d94a2dc, com.mongodb.Jep395RecordCodecProvider@cedee22, com.mongodb.KotlinCodecProvider@59b32539]}, loggerSettings=LoggerSettings{maxDocumentLength=1000}, clusterSettings={hosts=[localhost:27017], srvServiceName=mongodb, mode=SINGLE, requiredClusterType=UNKNOWN, requiredReplicaSetName='null', serverSelector='null', clusterListeners='[]', serverSelectionTimeout='30000 ms', localThreshold='15 ms'}, socketSettings=SocketSettings{connectTimeoutMS=10000, readTimeoutMS=0, receiveBufferSize=0, proxySettings=ProxySettings{host=null, port=null, username=null, password=null}}, heartbeatSocketSettings=SocketSettings{connectTimeoutMS=10000, readTimeoutMS=10000, receiveBufferSize=0, proxySettings=ProxySettings{host=null, port=null, username=null, password=null}}, connectionPoolSettings=ConnectionPoolSettings{maxSize=100, minSize=0, maxWaitTimeMS=120000, maxConnectionLifeTimeMS=0, maxConnectionIdleTimeMS=0, maintenanceInitialDelayMS=0, maintenanceFrequencyMS=60000, connectionPoolListeners=[], maxConnecting=2}, serverSettings=ServerSettings{heartbeatFrequencyMS=10000, minHeartbeatFrequencyMS=500, serverMonitoringMode=AUTO, serverListeners='[]', serverMonitorListeners='[]'}, sslSettings=SslSettings{enabled=false, invalidHostNameAllowed=false, context=null}, applicationName='null', compressorList=[], uuidRepresentation=JAVA_LEGACY, serverApi=null, autoEncryptionSettings=null, dnsClient=null, inetAddressResolver=null, contextProvider=null, timeoutMS=null}
2025-11-29T21:50:00.464+05:30  INFO 24647 --- [JournalApp] [localhost:27017] org.mongodb.driver.cluster               : Monitor thread successfully connected to server with description ServerDescription{address=localhost:27017, type=STANDALONE, cryptd=false, state=CONNECTED, ok=true, minWireVersion=0, maxWireVersion=25, maxDocumentSize=16777216, logicalSessionTimeoutMinutes=30, roundTripTimeNanos=6576333, minRoundTripTimeNanos=0}
2025-11-29T21:50:00.465+05:30 DEBUG 24647 --- [JournalApp] [localhost:27017] org.mongodb.driver.connection            : Connection pool ready for localhost:27017
2025-11-29T21:50:00.465+05:30 DEBUG 24647 --- [JournalApp] [localhost:27017] org.mongodb.driver.cluster               : Updating cluster description to  {type=STANDALONE, servers=[{address=localhost:27017, type=STANDALONE, roundTripTime=6.6 ms, state=CONNECTED}]
2025-11-29T21:50:00.465+05:30 DEBUG 24647 --- [JournalApp] [localhost:27017] org.mongodb.driver.cluster               : Checking status of localhost:27017
2025-11-29T21:50:00.531+05:30 DEBUG 24647 --- [JournalApp] [           main] .m.c.i.MongoPersistentEntityIndexCreator : Analyzing class class com.example.JournalApp.Entity.User for index information
2025-11-29T21:50:00.544+05:30 DEBUG 24647 --- [JournalApp] [           main] org.mongodb.driver.cluster               : Server selection started for operation with ID 5. Selector: WritableServerSelector, topology description: {type=STANDALONE, servers=[{address=localhost:27017, type=STANDALONE, roundTripTime=6.6 ms, state=CONNECTED}]
2025-11-29T21:50:00.546+05:30 DEBUG 24647 --- [JournalApp] [           main] org.mongodb.driver.cluster               : Server selection succeeded for operation with ID 5. Selected server: localhost:27017. Selector: WritableServerSelector, topology description: {type=STANDALONE, servers=[{address=localhost:27017, type=STANDALONE, roundTripTime=6.6 ms, state=CONNECTED}]
2025-11-29T21:50:00.546+05:30 DEBUG 24647 --- [JournalApp] [           main] org.mongodb.driver.connection            : Checkout started for connection to localhost:27017
2025-11-29T21:50:00.547+05:30 DEBUG 24647 --- [JournalApp] [           main] org.mongodb.driver.connection            : Connection created: address=localhost:27017, driver-generated ID=3
2025-11-29T21:50:00.549+05:30 DEBUG 24647 --- [JournalApp] [           main] org.mongodb.driver.connection            : Connection ready: address=localhost:27017, driver-generated ID=3, established in=1 ms
2025-11-29T21:50:00.549+05:30 DEBUG 24647 --- [JournalApp] [           main] org.mongodb.driver.connection            : Connection checked out: address=localhost:27017, driver-generated ID=3, duration=2 ms
2025-11-29T21:50:00.553+05:30 DEBUG 24647 --- [JournalApp] [           main] org.mongodb.driver.protocol.command      : Command "createIndexes" started on database "journaldb" using a connection with driver-generated ID 3 and server-generated ID 93 to localhost:27017. The request ID is 5 and the operation ID is 5. Command: {"createIndexes": "users", "indexes": [{"key": {"username": 1}, "name": "username", "unique": true}], "$db": "journaldb", "lsid": {"id": {"$binary": {"base64": "j5iheX/jTWyri7OzQMwbnA==", "subType": "04"}}}}
2025-11-29T21:50:00.555+05:30 DEBUG 24647 --- [JournalApp] [           main] org.mongodb.driver.protocol.command      : Command "createIndexes" succeeded on database "journaldb" in 2.750875 ms using a connection with driver-generated ID 3 and server-generated ID 93 to localhost:27017. The request ID is 5 and the operation ID is 5. Command reply: {"numIndexesBefore": 2, "numIndexesAfter": 2, "note": "all indexes already exist", "ok": 1.0}
2025-11-29T21:50:00.555+05:30 DEBUG 24647 --- [JournalApp] [           main] org.mongodb.driver.connection            : Connection checked in: address=localhost:27017, driver-generated ID=3
2025-11-29T21:50:00.556+05:30 DEBUG 24647 --- [JournalApp] [           main] .m.c.i.MongoPersistentEntityIndexCreator : Analyzing class class com.example.JournalApp.Entity.JournalEntry for index information
2025-11-29T21:50:00.557+05:30 DEBUG 24647 --- [JournalApp] [           main] org.mongodb.driver.cluster               : Server selection started for operation with ID 6. Selector: WritableServerSelector, topology description: {type=STANDALONE, servers=[{address=localhost:27017, type=STANDALONE, roundTripTime=6.6 ms, state=CONNECTED}]
2025-11-29T21:50:00.557+05:30 DEBUG 24647 --- [JournalApp] [           main] org.mongodb.driver.cluster               : Server selection succeeded for operation with ID 6. Selected server: localhost:27017. Selector: WritableServerSelector, topology description: {type=STANDALONE, servers=[{address=localhost:27017, type=STANDALONE, roundTripTime=6.6 ms, state=CONNECTED}]
2025-11-29T21:50:00.557+05:30 DEBUG 24647 --- [JournalApp] [           main] org.mongodb.driver.connection            : Checkout started for connection to localhost:27017
2025-11-29T21:50:00.557+05:30 DEBUG 24647 --- [JournalApp] [           main] org.mongodb.driver.connection            : Connection checked out: address=localhost:27017, driver-generated ID=3, duration=0 ms
2025-11-29T21:50:00.557+05:30 DEBUG 24647 --- [JournalApp] [           main] org.mongodb.driver.protocol.command      : Command "createIndexes" started on database "journaldb" using a connection with driver-generated ID 3 and server-generated ID 93 to localhost:27017. The request ID is 6 and the operation ID is 6. Command: {"createIndexes": "journal_entries", "indexes": [{"key": {"user.username": 1}, "name": "user.username", "unique": true}], "$db": "journaldb", "lsid": {"id": {"$binary": {"base64": "j5iheX/jTWyri7OzQMwbnA==", "subType": "04"}}}}
2025-11-29T21:50:00.558+05:30 DEBUG 24647 --- [JournalApp] [           main] org.mongodb.driver.protocol.command      : Command "createIndexes" succeeded on database "journaldb" in 0.715167 ms using a connection with driver-generated ID 3 and server-generated ID 93 to localhost:27017. The request ID is 6 and the operation ID is 6. Command reply: {"numIndexesBefore": 2, "numIndexesAfter": 2, "note": "all indexes already exist", "ok": 1.0}
2025-11-29T21:50:00.558+05:30 DEBUG 24647 --- [JournalApp] [           main] org.mongodb.driver.connection            : Connection checked in: address=localhost:27017, driver-generated ID=3
2025-11-29T21:50:00.666+05:30 DEBUG 24647 --- [JournalApp] [           main] s.w.s.m.m.a.RequestMappingHandlerMapping : 11 mappings in 'requestMappingHandlerMapping'
2025-11-29T21:50:00.710+05:30 DEBUG 24647 --- [JournalApp] [           main] o.s.w.s.handler.SimpleUrlHandlerMapping  : Patterns [/webjars/**, /**] in 'resourceHandlerMapping'
2025-11-29T21:50:00.722+05:30 DEBUG 24647 --- [JournalApp] [           main] s.w.s.m.m.a.RequestMappingHandlerAdapter : ControllerAdvice beans: 0 @ModelAttribute, 0 @InitBinder, 1 RequestBodyAdvice, 1 ResponseBodyAdvice
2025-11-29T21:50:00.740+05:30 DEBUG 24647 --- [JournalApp] [           main] .m.m.a.ExceptionHandlerExceptionResolver : ControllerAdvice beans: 0 @ExceptionHandler, 1 ResponseBodyAdvice
2025-11-29T21:50:00.774+05:30  INFO 24647 --- [JournalApp] [           main] c.e.JournalApp.JournalApplicationTests   : Started JournalApplicationTests in 0.813 seconds (process running for 1.183)
]]></system-out>
    <system-err><![CDATA[Mockito is currently self-attaching to enable the inline-mock-maker. This will no longer work in future releases of the JDK. Please add Mockito as an agent to your build as described in Mockito's documentation: https://javadoc.io/doc/org.mockito/mockito-core/latest/org.mockito/org/mockito/Mockito.html#0.3
WARNING: A Java agent has been loaded dynamically (/Users/arushnaudiyal/.m2/repository/net/bytebuddy/byte-buddy-agent/1.17.8/byte-buddy-agent-1.17.8.jar)
WARNING: If a serviceability tool is in use, please run with -XX:+EnableDynamicAgentLoading to hide this warning
WARNING: If a serviceability tool is not in use, please run with -Djdk.instrument.traceUsage for more information
WARNING: Dynamic loading of agents will be disallowed by default in a future release
]]></system-err>
  </testcase>
</testsuite>